Allegro Initialized
Display created
Addons installed
Loading Icon from : /home/edwin/Programming/StarTrek_Linux/bin/Release/startrek.png
SoundManager Initializes
Sounds loaded
Event sources registered
Fontmanager Initializes
Objects initialized succesfully
Game engine created
Paralax created
Key Mapper created
GAME STATE TO MENU
Enterprise created
Create communications ***
Communication created
Delete old universe
Create new universe Object
Generate random universe
Set enterprise position
New universe generated
New Sector
GAME STATE TO GAME
Dialog opened
