Allegro Initialized
Display created
Addons installed
Loading Icon from : /home/edwin/Programming/StarTrek_Linux/bin/Debug/startrek.png
SoundManager Initializes
Sounds loaded
Event sources registered
Fontmanager Initializes
Objects initialized succesfully
Game engine created
Paralax created
Key Mapper created
GAME STATE TO MENU
Gamestate to GS_LOAD
Create communications ***
Communication created
GAME STATE TO GAME
Gamestate to GS_LOAD
Create communications ***
Communication created
GAME STATE TO GAME
GAME STATE TO MENU
Gamestate to GS_LOAD
Create communications ***
Communication created
GAME STATE TO GAME
Gamestate to GS_LOAD
Create communications ***
Communication created
GAME STATE TO GAME
Gamestate to GS_LOAD
Create communications ***
Communication created
GAME STATE TO GAME
GAME STATE TO MENU
Gamestate to GS_LOAD
Create communications ***
Communication created
GAME STATE TO GAME
Gamestate to GS_LOAD
Create communications ***
Communication created
GAME STATE TO GAME
Gamestate to GS_SAVE
GAME STATE TO GAME
Gamestate to GS_LOAD
Create communications ***
Communication created
GAME STATE TO GAME
Gamestate to GS_SAVE
GAME STATE TO GAME
GAME STATE TO MENU
